
**** Build of configuration Debug for project demo1 ****

"C:\\ti\\ccsv5\\utils\\bin\\gmake" -k all 
'Building file: ../User/main.c'
'Invoking: C2000 Compiler'
"C:/ti/ccsv5/tools/compiler/c2000_6.2.0/bin/cl2000" -v28 -ml -mt --float_support=fpu32 --include_path="C:/ti/ccsv5/tools/compiler/c2000_6.2.0/include" --include_path="E:/Files.packs/tly.Demo/DSP_Demo/Demo_f28335/DSP2833x_Libraries/DSP2833x_common/include" --include_path="E:/Files.packs/tly.Demo/DSP_Demo/Demo_f28335/DSP2833x_Libraries/DSP2833x_headers/include" --include_path="E:/Files.packs/tly.Demo/DSP_Demo/Demo_f28335/demo1/App/led" -g --diag_warning=225 --display_error_number --diag_wrap=off --preproc_with_compile --preproc_dependency="User/main.pp" --obj_directory="User"  "../User/main.c"
'Finished building: ../User/main.c'
' '
'Building file: ../Liberies/DSP2833x_ADC_cal.asm'
'Invoking: C2000 Compiler'
"C:/ti/ccsv5/tools/compiler/c2000_6.2.0/bin/cl2000" -v28 -ml -mt --float_support=fpu32 --include_path="C:/ti/ccsv5/tools/compiler/c2000_6.2.0/include" --include_path="E:/Files.packs/tly.Demo/DSP_Demo/Demo_f28335/DSP2833x_Libraries/DSP2833x_common/include" --include_path="E:/Files.packs/tly.Demo/DSP_Demo/Demo_f28335/DSP2833x_Libraries/DSP2833x_headers/include" --include_path="E:/Files.packs/tly.Demo/DSP_Demo/Demo_f28335/demo1/App/led" -g --diag_warning=225 --display_error_number --diag_wrap=off --preproc_with_compile --preproc_dependency="Liberies/DSP2833x_ADC_cal.pp" --obj_directory="Liberies"  "../Liberies/DSP2833x_ADC_cal.asm"
'Finished building: ../Liberies/DSP2833x_ADC_cal.asm'
' '
'Building file: ../Liberies/DSP2833x_CodeStartBranch.asm'
'Invoking: C2000 Compiler'
"C:/ti/ccsv5/tools/compiler/c2000_6.2.0/bin/cl2000" -v28 -ml -mt --float_support=fpu32 --include_path="C:/ti/ccsv5/tools/compiler/c2000_6.2.0/include" --include_path="E:/Files.packs/tly.Demo/DSP_Demo/Demo_f28335/DSP2833x_Libraries/DSP2833x_common/include" --include_path="E:/Files.packs/tly.Demo/DSP_Demo/Demo_f28335/DSP2833x_Libraries/DSP2833x_headers/include" --include_path="E:/Files.packs/tly.Demo/DSP_Demo/Demo_f28335/demo1/App/led" -g --diag_warning=225 --display_error_number --diag_wrap=off --preproc_with_compile --preproc_dependency="Liberies/DSP2833x_CodeStartBranch.pp" --obj_directory="Liberies"  "../Liberies/DSP2833x_CodeStartBranch.asm"
'Finished building: ../Liberies/DSP2833x_CodeStartBranch.asm'
' '
'Building file: ../Liberies/DSP2833x_DefaultIsr.c'
'Invoking: C2000 Compiler'
"C:/ti/ccsv5/tools/compiler/c2000_6.2.0/bin/cl2000" -v28 -ml -mt --float_support=fpu32 --include_path="C:/ti/ccsv5/tools/compiler/c2000_6.2.0/include" --include_path="E:/Files.packs/tly.Demo/DSP_Demo/Demo_f28335/DSP2833x_Libraries/DSP2833x_common/include" --include_path="E:/Files.packs/tly.Demo/DSP_Demo/Demo_f28335/DSP2833x_Libraries/DSP2833x_headers/include" --include_path="E:/Files.packs/tly.Demo/DSP_Demo/Demo_f28335/demo1/App/led" -g --diag_warning=225 --display_error_number --diag_wrap=off --preproc_with_compile --preproc_dependency="Liberies/DSP2833x_DefaultIsr.pp" --obj_directory="Liberies"  "../Liberies/DSP2833x_DefaultIsr.c"
'Finished building: ../Liberies/DSP2833x_DefaultIsr.c'
' '
'Building file: ../Liberies/DSP2833x_GlobalVariableDefs.c'
'Invoking: C2000 Compiler'
"C:/ti/ccsv5/tools/compiler/c2000_6.2.0/bin/cl2000" -v28 -ml -mt --float_support=fpu32 --include_path="C:/ti/ccsv5/tools/compiler/c2000_6.2.0/include" --include_path="E:/Files.packs/tly.Demo/DSP_Demo/Demo_f28335/DSP2833x_Libraries/DSP2833x_common/include" --include_path="E:/Files.packs/tly.Demo/DSP_Demo/Demo_f28335/DSP2833x_Libraries/DSP2833x_headers/include" --include_path="E:/Files.packs/tly.Demo/DSP_Demo/Demo_f28335/demo1/App/led" -g --diag_warning=225 --display_error_number --diag_wrap=off --preproc_with_compile --preproc_dependency="Liberies/DSP2833x_GlobalVariableDefs.pp" --obj_directory="Liberies"  "../Liberies/DSP2833x_GlobalVariableDefs.c"
'Finished building: ../Liberies/DSP2833x_GlobalVariableDefs.c'
' '
'Building file: ../Liberies/DSP2833x_Gpio.c'
'Invoking: C2000 Compiler'
"C:/ti/ccsv5/tools/compiler/c2000_6.2.0/bin/cl2000" -v28 -ml -mt --float_support=fpu32 --include_path="C:/ti/ccsv5/tools/compiler/c2000_6.2.0/include" --include_path="E:/Files.packs/tly.Demo/DSP_Demo/Demo_f28335/DSP2833x_Libraries/DSP2833x_common/include" --include_path="E:/Files.packs/tly.Demo/DSP_Demo/Demo_f28335/DSP2833x_Libraries/DSP2833x_headers/include" --include_path="E:/Files.packs/tly.Demo/DSP_Demo/Demo_f28335/demo1/App/led" -g --diag_warning=225 --display_error_number --diag_wrap=off --preproc_with_compile --preproc_dependency="Liberies/DSP2833x_Gpio.pp" --obj_directory="Liberies"  "../Liberies/DSP2833x_Gpio.c"
'Finished building: ../Liberies/DSP2833x_Gpio.c'
' '
'Building file: ../Liberies/DSP2833x_PieCtrl.c'
'Invoking: C2000 Compiler'
"C:/ti/ccsv5/tools/compiler/c2000_6.2.0/bin/cl2000" -v28 -ml -mt --float_support=fpu32 --include_path="C:/ti/ccsv5/tools/compiler/c2000_6.2.0/include" --include_path="E:/Files.packs/tly.Demo/DSP_Demo/Demo_f28335/DSP2833x_Libraries/DSP2833x_common/include" --include_path="E:/Files.packs/tly.Demo/DSP_Demo/Demo_f28335/DSP2833x_Libraries/DSP2833x_headers/include" --include_path="E:/Files.packs/tly.Demo/DSP_Demo/Demo_f28335/demo1/App/led" -g --diag_warning=225 --display_error_number --diag_wrap=off --preproc_with_compile --preproc_dependency="Liberies/DSP2833x_PieCtrl.pp" --obj_directory="Liberies"  "../Liberies/DSP2833x_PieCtrl.c"
'Finished building: ../Liberies/DSP2833x_PieCtrl.c'
' '
'Building file: ../Liberies/DSP2833x_PieVect.c'
'Invoking: C2000 Compiler'
"C:/ti/ccsv5/tools/compiler/c2000_6.2.0/bin/cl2000" -v28 -ml -mt --float_support=fpu32 --include_path="C:/ti/ccsv5/tools/compiler/c2000_6.2.0/include" --include_path="E:/Files.packs/tly.Demo/DSP_Demo/Demo_f28335/DSP2833x_Libraries/DSP2833x_common/include" --include_path="E:/Files.packs/tly.Demo/DSP_Demo/Demo_f28335/DSP2833x_Libraries/DSP2833x_headers/include" --include_path="E:/Files.packs/tly.Demo/DSP_Demo/Demo_f28335/demo1/App/led" -g --diag_warning=225 --display_error_number --diag_wrap=off --preproc_with_compile --preproc_dependency="Liberies/DSP2833x_PieVect.pp" --obj_directory="Liberies"  "../Liberies/DSP2833x_PieVect.c"
'Finished building: ../Liberies/DSP2833x_PieVect.c'
' '
'Building file: ../Liberies/DSP2833x_SysCtrl.c'
'Invoking: C2000 Compiler'
"C:/ti/ccsv5/tools/compiler/c2000_6.2.0/bin/cl2000" -v28 -ml -mt --float_support=fpu32 --include_path="C:/ti/ccsv5/tools/compiler/c2000_6.2.0/include" --include_path="E:/Files.packs/tly.Demo/DSP_Demo/Demo_f28335/DSP2833x_Libraries/DSP2833x_common/include" --include_path="E:/Files.packs/tly.Demo/DSP_Demo/Demo_f28335/DSP2833x_Libraries/DSP2833x_headers/include" --include_path="E:/Files.packs/tly.Demo/DSP_Demo/Demo_f28335/demo1/App/led" -g --diag_warning=225 --display_error_number --diag_wrap=off --preproc_with_compile --preproc_dependency="Liberies/DSP2833x_SysCtrl.pp" --obj_directory="Liberies"  "../Liberies/DSP2833x_SysCtrl.c"
'Finished building: ../Liberies/DSP2833x_SysCtrl.c'
' '
'Building file: ../Liberies/DSP2833x_usDelay.asm'
'Invoking: C2000 Compiler'
"C:/ti/ccsv5/tools/compiler/c2000_6.2.0/bin/cl2000" -v28 -ml -mt --float_support=fpu32 --include_path="C:/ti/ccsv5/tools/compiler/c2000_6.2.0/include" --include_path="E:/Files.packs/tly.Demo/DSP_Demo/Demo_f28335/DSP2833x_Libraries/DSP2833x_common/include" --include_path="E:/Files.packs/tly.Demo/DSP_Demo/Demo_f28335/DSP2833x_Libraries/DSP2833x_headers/include" --include_path="E:/Files.packs/tly.Demo/DSP_Demo/Demo_f28335/demo1/App/led" -g --diag_warning=225 --display_error_number --diag_wrap=off --preproc_with_compile --preproc_dependency="Liberies/DSP2833x_usDelay.pp" --obj_directory="Liberies"  "../Liberies/DSP2833x_usDelay.asm"
'Finished building: ../Liberies/DSP2833x_usDelay.asm'
' '
'Building file: ../App/led/user_led.c'
'Invoking: C2000 Compiler'
"C:/ti/ccsv5/tools/compiler/c2000_6.2.0/bin/cl2000" -v28 -ml -mt --float_support=fpu32 --include_path="C:/ti/ccsv5/tools/compiler/c2000_6.2.0/include" --include_path="E:/Files.packs/tly.Demo/DSP_Demo/Demo_f28335/DSP2833x_Libraries/DSP2833x_common/include" --include_path="E:/Files.packs/tly.Demo/DSP_Demo/Demo_f28335/DSP2833x_Libraries/DSP2833x_headers/include" --include_path="E:/Files.packs/tly.Demo/DSP_Demo/Demo_f28335/demo1/App/led" -g --diag_warning=225 --display_error_number --diag_wrap=off --preproc_with_compile --preproc_dependency="App/led/user_led.pp" --obj_directory="App/led"  "../App/led/user_led.c"
'Finished building: ../App/led/user_led.c'
' '
'Building target: demo1.out'
'Invoking: C2000 Linker'
"C:/ti/ccsv5/tools/compiler/c2000_6.2.0/bin/cl2000" -v28 -ml -mt --float_support=fpu32 -g --diag_warning=225 --display_error_number --diag_wrap=off -z -m"demo1.map" --stack_size=0x300 --warn_sections -i"C:/ti/ccsv5/tools/compiler/c2000_6.2.0/lib" -i"C:/ti/ccsv5/tools/compiler/c2000_6.2.0/include" --reread_libs --display_error_number --diag_wrap=off --xml_link_info="demo1_linkInfo.xml" --rom_model -o "demo1.out"  "./App/led/user_led.obj" "./Liberies/DSP2833x_usDelay.obj" "./Liberies/DSP2833x_SysCtrl.obj" "./Liberies/DSP2833x_PieVect.obj" "./Liberies/DSP2833x_PieCtrl.obj" "./Liberies/DSP2833x_Gpio.obj" "./Liberies/DSP2833x_GlobalVariableDefs.obj" "./Liberies/DSP2833x_DefaultIsr.obj" "./Liberies/DSP2833x_CodeStartBranch.obj" "./Liberies/DSP2833x_ADC_cal.obj" "./User/main.obj" "../Liberies/28335_RAM_lnk.cmd" "../Liberies/DSP2833x_Headers_nonBIOS.cmd" "../Liberies/IQmath.lib" -l"libc.a" 
<Linking>
'Finished building target: demo1.out'
' '

**** Build Finished ****
